<?xml version="1.0" encoding="UTF-8"?>
<testsuite name="org.example.spring.web.IndexControllerTest" tests="1" skipped="0" failures="0" errors="0" timestamp="2020-05-07T17:45:46" hostname="ThinkPad" time="0.109">
  <properties/>
  <testcase name="load_mainpage" classname="org.example.spring.web.IndexControllerTest" time="0.109"/>
  <system-out><![CDATA[2020-05-08 02:45:46.560  INFO 112158 --- [    Test worker] .b.t.c.SpringBootTestContextBootstrapper : Neither @ContextConfiguration nor @ContextHierarchy found for test class [org.example.spring.web.IndexControllerTest], using SpringBootContextLoader
2020-05-08 02:45:46.561  INFO 112158 --- [    Test worker] o.s.t.c.support.AbstractContextLoader    : Could not detect default resource locations for test class [org.example.spring.web.IndexControllerTest]: no resource found for suffixes {-context.xml, Context.groovy}.
2020-05-08 02:45:46.561  INFO 112158 --- [    Test worker] t.c.s.AnnotationConfigContextLoaderUtils : Could not detect default configuration classes for test class [org.example.spring.web.IndexControllerTest]: IndexControllerTest does not declare any static, non-private, non-final, nested classes annotated with @Configuration.
2020-05-08 02:45:46.562  INFO 112158 --- [    Test worker] .b.t.c.SpringBootTestContextBootstrapper : Found @SpringBootConfiguration org.example.spring.Application for test class org.example.spring.web.IndexControllerTest
2020-05-08 02:45:46.562  INFO 112158 --- [    Test worker] .b.t.c.SpringBootTestContextBootstrapper : Loaded default TestExecutionListener class names from location [META-INF/spring.factories]: [org.springframework.security.test.context.support.WithSecurityContextTestExecutionListener, org.springframework.security.test.context.support.ReactorContextTestExecutionListener, org.springframework.boot.test.autoconfigure.restdocs.RestDocsTestExecutionListener, org.springframework.boot.test.autoconfigure.web.client.MockRestServiceServerResetTestExecutionListener, org.springframework.boot.test.autoconfigure.web.servlet.MockMvcPrintOnlyOnFailureTestExecutionListener, org.springframework.boot.test.autoconfigure.web.servlet.WebDriverTestExecutionListener, org.springframework.boot.test.mock.mockito.MockitoTestExecutionListener, org.springframework.boot.test.mock.mockito.ResetMocksTestExecutionListener, org.springframework.test.context.web.ServletTestExecutionListener, org.springframework.test.context.support.DirtiesContextBeforeModesTestExecutionListener, org.springframework.test.context.support.DependencyInjectionTestExecutionListener, org.springframework.test.context.support.DirtiesContextTestExecutionListener, org.springframework.test.context.transaction.TransactionalTestExecutionListener, org.springframework.test.context.jdbc.SqlScriptsTestExecutionListener]
2020-05-08 02:45:46.563  INFO 112158 --- [    Test worker] .b.t.c.SpringBootTestContextBootstrapper : Using TestExecutionListeners: [org.springframework.test.context.web.ServletTestExecutionListener@670e3b8a, org.springframework.test.context.support.DirtiesContextBeforeModesTestExecutionListener@7a3a3065, org.springframework.boot.test.mock.mockito.MockitoTestExecutionListener@3af14d59, org.springframework.boot.test.autoconfigure.SpringBootDependencyInjectionTestExecutionListener@735ba115, org.springframework.test.context.support.DirtiesContextTestExecutionListener@659f069f, org.springframework.test.context.transaction.TransactionalTestExecutionListener@4e0dbb51, org.springframework.test.context.jdbc.SqlScriptsTestExecutionListener@7ea6bc4c, org.springframework.security.test.context.support.WithSecurityContextTestExecutionListener@50dbf984, org.springframework.security.test.context.support.ReactorContextTestExecutionListener@4d6db6fe, org.springframework.boot.test.autoconfigure.restdocs.RestDocsTestExecutionListener@6e194b31, org.springframework.boot.test.autoconfigure.web.client.MockRestServiceServerResetTestExecutionListener@2596de62, org.springframework.boot.test.autoconfigure.web.servlet.MockMvcPrintOnlyOnFailureTestExecutionListener@2a8e048d, org.springframework.boot.test.autoconfigure.web.servlet.WebDriverTestExecutionListener@af48d64, org.springframework.boot.test.mock.mockito.ResetMocksTestExecutionListener@2e100fc8]
2020-05-08 02:45:46.618  INFO 112158 --- [o-auto-1-exec-1] o.a.c.c.C.[Tomcat].[localhost].[/]       : Initializing Spring DispatcherServlet 'dispatcherServlet'
2020-05-08 02:45:46.618  INFO 112158 --- [o-auto-1-exec-1] o.s.web.servlet.DispatcherServlet        : Initializing Servlet 'dispatcherServlet'
2020-05-08 02:45:46.620  INFO 112158 --- [o-auto-1-exec-1] o.s.web.servlet.DispatcherServlet        : Completed initialization in 2 ms
Hibernate: select posts0_.id as id1_0_, posts0_.created_date as created_2_0_, posts0_.modified_date as modified3_0_, posts0_.author as author4_0_, posts0_.content as content5_0_, posts0_.title as title6_0_ from posts posts0_ order by posts0_.id DESC
]]></system-out>
  <system-err><![CDATA[]]></system-err>
</testsuite>
