<?xml version="1.0" encoding="UTF-8"?>
<testsuite name="org.example.spring.web.dto.HelloResponseDtoTest" tests="1" skipped="0" failures="0" errors="0" timestamp="2020-05-07T17:45:43" hostname="ThinkPad" time="0.031">
  <properties/>
  <testcase name="lombok_func_test" classname="org.example.spring.web.dto.HelloResponseDtoTest" time="0.031"/>
  <system-out><![CDATA[]]></system-out>
  <system-err><![CDATA[]]></system-err>
</testsuite>
